
Showing logs for build [32mcb-kubecd-environment-pr-23-13-1[0m stage [32mfrom-build-pack[0m and container [32mstep-credential-initializer-4bzt6[0m
{"level":"warn","ts":1568903593.7382736,"logger":"fallback-logger","caller":"logging/config.go:69","msg":"Fetch GitHub commit ID from kodata failed: \"ref: refs/heads/master\" is not a valid GitHub commit ID"}
{"level":"info","ts":1568903593.7389681,"logger":"fallback-logger","caller":"creds-init/main.go:40","msg":"Credentials initialized."}

Showing logs for build [32mcb-kubecd-environment-pr-23-13-1[0m stage [32mfrom-build-pack[0m and container [32mstep-working-dir-initializer-9tcr2[0m
{"level":"warn","ts":1568903595.1586368,"logger":"fallback-logger","caller":"logging/config.go:69","msg":"Fetch GitHub commit ID from kodata failed: open /var/run/ko/HEAD: no such file or directory"}
{"level":"info","ts":1568903595.160897,"logger":"fallback-logger","caller":"bash/main.go:65","msg":"Successfully executed command \"mkdir -p /workspace/source /workspace/source/env\""}

Showing logs for build [32mcb-kubecd-environment-pr-23-13-1[0m stage [32mfrom-build-pack[0m and container [32mstep-place-tools[0m

Showing logs for build [32mcb-kubecd-environment-pr-23-13-1[0m stage [32mfrom-build-pack[0m and container [32mstep-git-source-cb-kubecd-environment-pr-23-13-f8fbr[0m
{"level":"warn","ts":1568903653.8190312,"logger":"fallback-logger","caller":"logging/config.go:69","msg":"Fetch GitHub commit ID from kodata failed: \"ref: refs/heads/master\" is not a valid GitHub commit ID"}
{"level":"info","ts":1568903655.7881625,"logger":"fallback-logger","caller":"git/git.go:102","msg":"Successfully cloned https://github.com/cb-kubecd/environment-pr-23-13-boot-local-staging.git @ d4c99b5437fb62e78305cbd38028a542b238e3dc in path /workspace/source"}

Showing logs for build [32mcb-kubecd-environment-pr-23-13-1[0m stage [32mfrom-build-pack[0m and container [32mstep-git-merge[0m
Using SHAs from PULL_REFS=master:f2d7bc1dfdb583e51b5232ccdec79e17014f1330,1:d4c99b5437fb62e78305cbd38028a542b238e3dc
DEBUG: ran git fetch --unshallow origin d4c99b5437fb62e78305cbd38028a542b238e3dc: f2d7bc1dfdb583e51b5232ccdec79e17014f1330: in 
DEBUG: ran git checkout master in 
DEBUG: ran git reset --hard f2d7bc1dfdb583e51b5232ccdec79e17014f1330 in 
DEBUG: ran clean --force -d . in 
DEBUG: ran git merge d4c99b5437fb62e78305cbd38028a542b238e3dc in 
Merged SHA d4c99b5437fb62e78305cbd38028a542b238e3dc with commit message 'chore: Promote bdd-spring-1568903181 to version 0.0.1' into base branch master

Showing logs for build [32mcb-kubecd-environment-pr-23-13-1[0m stage [32mfrom-build-pack[0m and container [32mstep-build-helm-build[0m
WARNING: No $CHART_REPOSITORY defined so using the default value of: http://jenkins-x-chartmuseum:8080
Adding missing Helm repo: storage.googleapis.com https://storage.googleapis.com/chartmuseum.jenkins-x.io
Read credentials for https://storage.googleapis.com/chartmuseum.jenkins-x.io from vault helm/repos
Successfully added Helm repository storage.googleapis.com.
Adding missing Helm repo: jenkins-x-chartmuseum http://jenkins-x-chartmuseum:8080
Read credentials for http://jenkins-x-chartmuseum:8080 from vault helm/repos
Successfully added Helm repository jenkins-x-chartmuseum.
WARNING: No $CHART_REPOSITORY defined so using the default value of: http://jenkins-x-chartmuseum:8080
Adding missing Helm repo: chartmuseum.jenkins-x.io http://chartmuseum.jenkins-x.io
Read credentials for http://chartmuseum.jenkins-x.io from vault helm/repos
Successfully added Helm repository chartmuseum.jenkins-x.io.
